2025-10-21 02:16:18 [restartedMain] INFO  c.i.backend.IhdrsBackendApplication - Starting IhdrsBackendApplication using Java 17.0.16 with PID 3164 (C:\Users\I\IdeaProjects\ihdrs-backend\target\classes started by I in C:\Users\I\IdeaProjects\ihdrs-backend)
2025-10-21 02:16:18 [restartedMain] DEBUG c.i.backend.IhdrsBackendApplication - Running with Spring Boot v3.5.6, Spring v6.2.11
2025-10-21 02:16:18 [restartedMain] INFO  c.i.backend.IhdrsBackendApplication - The following 1 profile is active: "dev"
2025-10-21 02:16:18 [restartedMain] INFO  o.s.b.d.e.DevToolsPropertyDefaultsPostProcessor - Devtools property defaults active! Set 'spring.devtools.add-properties' to 'false' to disable
2025-10-21 02:16:18 [restartedMain] INFO  o.s.b.d.e.DevToolsPropertyDefaultsPostProcessor - For additional web related logging consider setting the 'logging.level.web' property to 'DEBUG'
2025-10-21 02:16:19 [restartedMain] INFO  o.s.d.r.c.RepositoryConfigurationDelegate - Multiple Spring Data modules found, entering strict repository configuration mode
2025-10-21 02:16:19 [restartedMain] INFO  o.s.d.r.c.RepositoryConfigurationDelegate - Bootstrapping Spring Data JPA repositories in DEFAULT mode.
2025-10-21 02:16:19 [restartedMain] INFO  o.s.d.r.c.RepositoryConfigurationDelegate - Finished Spring Data repository scanning in 127 ms. Found 6 JPA repository interfaces.
2025-10-21 02:16:19 [restartedMain] INFO  o.s.d.r.c.RepositoryConfigurationDelegate - Multiple Spring Data modules found, entering strict repository configuration mode
2025-10-21 02:16:19 [restartedMain] INFO  o.s.d.r.c.RepositoryConfigurationDelegate - Bootstrapping Spring Data Redis repositories in DEFAULT mode.
2025-10-21 02:16:19 [restartedMain] INFO  o.s.d.r.c.RepositoryConfigurationExtensionSupport - Spring Data Redis - Could not safely identify store assignment for repository candidate interface com.ihdrs.backend.repository.FeedbackDataRepository; If you want this repository to be a Redis repository, consider annotating your entities with one of these annotations: org.springframework.data.redis.core.RedisHash (preferred), or consider extending one of the following types with your repository: org.springframework.data.keyvalue.repository.KeyValueRepository
2025-10-21 02:16:19 [restartedMain] INFO  o.s.d.r.c.RepositoryConfigurationExtensionSupport - Spring Data Redis - Could not safely identify store assignment for repository candidate interface com.ihdrs.backend.repository.ModelRepository; If you want this repository to be a Redis repository, consider annotating your entities with one of these annotations: org.springframework.data.redis.core.RedisHash (preferred), or consider extending one of the following types with your repository: org.springframework.data.keyvalue.repository.KeyValueRepository
2025-10-21 02:16:19 [restartedMain] INFO  o.s.d.r.c.RepositoryConfigurationExtensionSupport - Spring Data Redis - Could not safely identify store assignment for repository candidate interface com.ihdrs.backend.repository.RecognitionRecordRepository; If you want this repository to be a Redis repository, consider annotating your entities with one of these annotations: org.springframework.data.redis.core.RedisHash (preferred), or consider extending one of the following types with your repository: org.springframework.data.keyvalue.repository.KeyValueRepository
2025-10-21 02:16:19 [restartedMain] INFO  o.s.d.r.c.RepositoryConfigurationExtensionSupport - Spring Data Redis - Could not safely identify store assignment for repository candidate interface com.ihdrs.backend.repository.SystemConfigRepository; If you want this repository to be a Redis repository, consider annotating your entities with one of these annotations: org.springframework.data.redis.core.RedisHash (preferred), or consider extending one of the following types with your repository: org.springframework.data.keyvalue.repository.KeyValueRepository
2025-10-21 02:16:19 [restartedMain] INFO  o.s.d.r.c.RepositoryConfigurationExtensionSupport - Spring Data Redis - Could not safely identify store assignment for repository candidate interface com.ihdrs.backend.repository.TrainingTaskRepository; If you want this repository to be a Redis repository, consider annotating your entities with one of these annotations: org.springframework.data.redis.core.RedisHash (preferred), or consider extending one of the following types with your repository: org.springframework.data.keyvalue.repository.KeyValueRepository
2025-10-21 02:16:19 [restartedMain] INFO  o.s.d.r.c.RepositoryConfigurationExtensionSupport - Spring Data Redis - Could not safely identify store assignment for repository candidate interface com.ihdrs.backend.repository.UserRepository; If you want this repository to be a Redis repository, consider annotating your entities with one of these annotations: org.springframework.data.redis.core.RedisHash (preferred), or consider extending one of the following types with your repository: org.springframework.data.keyvalue.repository.KeyValueRepository
2025-10-21 02:16:19 [restartedMain] INFO  o.s.d.r.c.RepositoryConfigurationDelegate - Finished Spring Data repository scanning in 6 ms. Found 0 Redis repository interfaces.
2025-10-21 02:16:20 [restartedMain] INFO  o.s.b.w.e.tomcat.TomcatWebServer - Tomcat initialized with port 8080 (http)
2025-10-21 02:16:20 [restartedMain] INFO  o.a.catalina.core.StandardService - Starting service [Tomcat]
2025-10-21 02:16:20 [restartedMain] INFO  o.a.catalina.core.StandardEngine - Starting Servlet engine: [Apache Tomcat/10.1.46]
2025-10-21 02:16:20 [restartedMain] INFO  o.a.c.c.C.[.[localhost].[/api] - Initializing Spring embedded WebApplicationContext
2025-10-21 02:16:20 [restartedMain] INFO  o.s.b.w.s.c.ServletWebServerApplicationContext - Root WebApplicationContext: initialization completed in 1637 ms
2025-10-21 02:16:20 [restartedMain] DEBUG c.i.b.s.JwtAuthenticationFilter - Filter 'jwtAuthenticationFilter' configured for use
2025-10-21 02:16:20 [restartedMain] INFO  com.zaxxer.hikari.HikariDataSource - HikariPool-1 - Starting...
2025-10-21 02:16:20 [restartedMain] INFO  com.zaxxer.hikari.pool.HikariPool - HikariPool-1 - Added connection com.mysql.cj.jdbc.ConnectionImpl@3f0d7617
2025-10-21 02:16:20 [restartedMain] INFO  com.zaxxer.hikari.HikariDataSource - HikariPool-1 - Start completed.
2025-10-21 02:16:21 [restartedMain] INFO  o.h.jpa.internal.util.LogHelper - HHH000204: Processing PersistenceUnitInfo [name: default]
2025-10-21 02:16:21 [restartedMain] INFO  org.hibernate.Version - HHH000412: Hibernate ORM core version 6.6.29.Final
2025-10-21 02:16:21 [restartedMain] INFO  o.h.c.i.RegionFactoryInitiator - HHH000026: Second-level cache disabled
2025-10-21 02:16:21 [restartedMain] INFO  o.s.o.j.p.SpringPersistenceUnitInfo - No LoadTimeWeaver setup: ignoring JPA class transformer
2025-10-21 02:16:21 [restartedMain] INFO  o.hibernate.orm.connections.pooling - HHH10001005: Database info:
	Database JDBC URL [Connecting through datasource 'HikariDataSource (HikariPool-1)']
	Database driver: undefined/unknown
	Database version: 8.0.42
	Autocommit mode: undefined/unknown
	Isolation level: undefined/unknown
	Minimum pool size: undefined/unknown
	Maximum pool size: undefined/unknown
2025-10-21 02:16:22 [restartedMain] INFO  o.h.e.t.j.p.i.JtaPlatformInitiator - HHH000489: No JTA platform available (set 'hibernate.transaction.jta.platform' to enable JTA platform integration)
2025-10-21 02:16:22 [restartedMain] DEBUG org.hibernate.SQL - 
    alter table recognition_records 
       modify column image_data tinyblob
2025-10-21 02:16:22 [restartedMain] DEBUG org.hibernate.SQL - 
    alter table recognition_records 
       modify column is_correct bit
2025-10-21 02:16:22 [restartedMain] DEBUG org.hibernate.SQL - 
    alter table system_configs 
       modify column is_public bit
2025-10-21 02:16:22 [restartedMain] DEBUG org.hibernate.SQL - 
    alter table users 
       modify column status bit
2025-10-21 02:16:22 [restartedMain] INFO  o.s.o.j.LocalContainerEntityManagerFactoryBean - Initialized JPA EntityManagerFactory for persistence unit 'default'
2025-10-21 02:16:22 [restartedMain] INFO  o.s.d.j.r.query.QueryEnhancerFactory - Hibernate is in classpath; If applicable, HQL parser will be used.
2025-10-21 02:16:23 [restartedMain] INFO  o.s.b.a.e.web.EndpointLinksResolver - Exposing 3 endpoints beneath base path '/actuator'
2025-10-21 02:16:23 [restartedMain] WARN  o.s.b.a.s.s.UserDetailsServiceAutoConfiguration - 

Using generated security password: 9f6ae8e5-9923-49c3-b21d-e82e178f1a1d

This generated password is for development use only. Your security configuration must be updated before running your application in production.

2025-10-21 02:16:23 [restartedMain] INFO  o.s.s.c.a.a.c.InitializeUserDetailsBeanManagerConfigurer$InitializeUserDetailsManagerConfigurer - Global AuthenticationManager configured with UserDetailsService bean with name inMemoryUserDetailsManager
2025-10-21 02:16:24 [restartedMain] INFO  o.s.b.d.a.OptionalLiveReloadServer - LiveReload server is running on port 35729
2025-10-21 02:16:24 [restartedMain] INFO  o.s.b.w.e.tomcat.TomcatWebServer - Tomcat started on port 8080 (http) with context path '/api'
2025-10-21 02:16:24 [restartedMain] INFO  c.i.backend.IhdrsBackendApplication - Started IhdrsBackendApplication in 6.313 seconds (process running for 7.29)
2025-10-21 02:16:24 [RMI TCP Connection(1)-192.168.56.1] INFO  o.a.c.c.C.[.[localhost].[/api] - Initializing Spring DispatcherServlet 'dispatcherServlet'
2025-10-21 02:16:24 [RMI TCP Connection(1)-192.168.56.1] INFO  o.s.web.servlet.DispatcherServlet - Initializing Servlet 'dispatcherServlet'
2025-10-21 02:16:24 [RMI TCP Connection(1)-192.168.56.1] INFO  o.s.web.servlet.DispatcherServlet - Completed initialization in 2 ms
2025-10-21 02:17:28 [http-nio-8080-exec-1] DEBUG org.hibernate.SQL - 
    select
        u1_0.user_id,
        u1_0.create_time,
        u1_0.email,
        u1_0.last_login_time,
        u1_0.login_count,
        u1_0.password_hash,
        u1_0.phone,
        u1_0.role,
        u1_0.salt,
        u1_0.status,
        u1_0.update_time,
        u1_0.username 
    from
        users u1_0 
    where
        u1_0.username=?
2025-10-21 02:18:29 [http-nio-8080-exec-2] DEBUG org.hibernate.SQL - 
    select
        u1_0.user_id,
        u1_0.create_time,
        u1_0.email,
        u1_0.last_login_time,
        u1_0.login_count,
        u1_0.password_hash,
        u1_0.phone,
        u1_0.role,
        u1_0.salt,
        u1_0.status,
        u1_0.update_time,
        u1_0.username 
    from
        users u1_0 
    where
        u1_0.username=?
2025-10-21 02:19:11 [http-nio-8080-exec-9] DEBUG org.hibernate.SQL - 
    select
        u1_0.user_id,
        u1_0.create_time,
        u1_0.email,
        u1_0.last_login_time,
        u1_0.login_count,
        u1_0.password_hash,
        u1_0.phone,
        u1_0.role,
        u1_0.salt,
        u1_0.status,
        u1_0.update_time,
        u1_0.username 
    from
        users u1_0 
    where
        u1_0.username=?
2025-10-21 02:20:51 [http-nio-8080-exec-4] DEBUG org.hibernate.SQL - 
    select
        u1_0.user_id 
    from
        users u1_0 
    where
        u1_0.username=? 
    limit
        ?
2025-10-21 02:21:13 [http-nio-8080-exec-5] DEBUG org.hibernate.SQL - 
    select
        u1_0.user_id 
    from
        users u1_0 
    where
        u1_0.username=? 
    limit
        ?
2025-10-21 02:21:13 [http-nio-8080-exec-5] DEBUG org.hibernate.SQL - 
    select
        u1_0.user_id 
    from
        users u1_0 
    where
        u1_0.email=? 
    limit
        ?
2025-10-21 02:21:13 [http-nio-8080-exec-5] DEBUG org.hibernate.SQL - 
    insert 
    into
        users
        (create_time, email, last_login_time, login_count, password_hash, phone, role, salt, status, update_time, username) 
    values
        (?, ?, ?, ?, ?, ?, ?, ?, ?, ?, ?)
2025-10-21 02:21:13 [http-nio-8080-exec-5] INFO  c.ihdrs.backend.service.AuthService - 用户注册成功: weiwo
2025-10-21 02:21:34 [http-nio-8080-exec-6] DEBUG org.hibernate.SQL - 
    select
        u1_0.user_id,
        u1_0.create_time,
        u1_0.email,
        u1_0.last_login_time,
        u1_0.login_count,
        u1_0.password_hash,
        u1_0.phone,
        u1_0.role,
        u1_0.salt,
        u1_0.status,
        u1_0.update_time,
        u1_0.username 
    from
        users u1_0 
    where
        u1_0.username=?
2025-10-21 02:21:34 [http-nio-8080-exec-6] INFO  c.ihdrs.backend.service.AuthService - 用户登录成功: weiwo
2025-10-21 02:21:34 [http-nio-8080-exec-6] DEBUG org.hibernate.SQL - 
    update
        users 
    set
        email=?,
        last_login_time=?,
        login_count=?,
        password_hash=?,
        phone=?,
        role=?,
        salt=?,
        status=?,
        update_time=?,
        username=? 
    where
        user_id=?
2025-10-21 02:21:34 [http-nio-8080-exec-7] DEBUG org.hibernate.SQL - 
    select
        u1_0.user_id,
        u1_0.create_time,
        u1_0.email,
        u1_0.last_login_time,
        u1_0.login_count,
        u1_0.password_hash,
        u1_0.phone,
        u1_0.role,
        u1_0.salt,
        u1_0.status,
        u1_0.update_time,
        u1_0.username 
    from
        users u1_0 
    where
        u1_0.user_id=?
2025-10-21 02:21:36 [http-nio-8080-exec-8] DEBUG org.hibernate.SQL - 
    select
        u1_0.user_id,
        u1_0.create_time,
        u1_0.email,
        u1_0.last_login_time,
        u1_0.login_count,
        u1_0.password_hash,
        u1_0.phone,
        u1_0.role,
        u1_0.salt,
        u1_0.status,
        u1_0.update_time,
        u1_0.username 
    from
        users u1_0 
    where
        u1_0.user_id=?
2025-10-21 02:22:54 [http-nio-8080-exec-3] DEBUG org.hibernate.SQL - 
    select
        u1_0.user_id,
        u1_0.create_time,
        u1_0.email,
        u1_0.last_login_time,
        u1_0.login_count,
        u1_0.password_hash,
        u1_0.phone,
        u1_0.role,
        u1_0.salt,
        u1_0.status,
        u1_0.update_time,
        u1_0.username 
    from
        users u1_0 
    where
        u1_0.user_id=?
2025-10-21 02:22:58 [http-nio-8080-exec-10] DEBUG org.hibernate.SQL - 
    select
        u1_0.user_id,
        u1_0.create_time,
        u1_0.email,
        u1_0.last_login_time,
        u1_0.login_count,
        u1_0.password_hash,
        u1_0.phone,
        u1_0.role,
        u1_0.salt,
        u1_0.status,
        u1_0.update_time,
        u1_0.username 
    from
        users u1_0 
    where
        u1_0.user_id=?
2025-10-21 02:23:12 [http-nio-8080-exec-1] DEBUG org.hibernate.SQL - 
    select
        u1_0.user_id,
        u1_0.create_time,
        u1_0.email,
        u1_0.last_login_time,
        u1_0.login_count,
        u1_0.password_hash,
        u1_0.phone,
        u1_0.role,
        u1_0.salt,
        u1_0.status,
        u1_0.update_time,
        u1_0.username 
    from
        users u1_0 
    where
        u1_0.username=?
2025-10-21 02:23:12 [http-nio-8080-exec-1] INFO  c.ihdrs.backend.service.AuthService - 用户登录成功: weiwo
2025-10-21 02:23:12 [http-nio-8080-exec-1] DEBUG org.hibernate.SQL - 
    update
        users 
    set
        email=?,
        last_login_time=?,
        login_count=?,
        password_hash=?,
        phone=?,
        role=?,
        salt=?,
        status=?,
        update_time=?,
        username=? 
    where
        user_id=?
2025-10-21 02:23:12 [http-nio-8080-exec-2] DEBUG org.hibernate.SQL - 
    select
        u1_0.user_id,
        u1_0.create_time,
        u1_0.email,
        u1_0.last_login_time,
        u1_0.login_count,
        u1_0.password_hash,
        u1_0.phone,
        u1_0.role,
        u1_0.salt,
        u1_0.status,
        u1_0.update_time,
        u1_0.username 
    from
        users u1_0 
    where
        u1_0.user_id=?
2025-10-21 02:23:21 [http-nio-8080-exec-9] DEBUG org.hibernate.SQL - 
    select
        u1_0.user_id,
        u1_0.create_time,
        u1_0.email,
        u1_0.last_login_time,
        u1_0.login_count,
        u1_0.password_hash,
        u1_0.phone,
        u1_0.role,
        u1_0.salt,
        u1_0.status,
        u1_0.update_time,
        u1_0.username 
    from
        users u1_0 
    where
        u1_0.user_id=?
2025-10-21 02:23:24 [http-nio-8080-exec-4] DEBUG org.hibernate.SQL - 
    select
        u1_0.user_id,
        u1_0.create_time,
        u1_0.email,
        u1_0.last_login_time,
        u1_0.login_count,
        u1_0.password_hash,
        u1_0.phone,
        u1_0.role,
        u1_0.salt,
        u1_0.status,
        u1_0.update_time,
        u1_0.username 
    from
        users u1_0 
    where
        u1_0.user_id=?
2025-10-21 02:23:37 [http-nio-8080-exec-5] DEBUG org.hibernate.SQL - 
    select
        u1_0.user_id,
        u1_0.create_time,
        u1_0.email,
        u1_0.last_login_time,
        u1_0.login_count,
        u1_0.password_hash,
        u1_0.phone,
        u1_0.role,
        u1_0.salt,
        u1_0.status,
        u1_0.update_time,
        u1_0.username 
    from
        users u1_0 
    where
        u1_0.user_id=?
2025-10-21 02:25:53 [SpringApplicationShutdownHook] INFO  o.s.b.w.e.tomcat.GracefulShutdown - Commencing graceful shutdown. Waiting for active requests to complete
2025-10-21 02:25:53 [tomcat-shutdown] INFO  o.s.b.w.e.tomcat.GracefulShutdown - Graceful shutdown complete
2025-10-21 02:25:53 [SpringApplicationShutdownHook] INFO  o.s.o.j.LocalContainerEntityManagerFactoryBean - Closing JPA EntityManagerFactory for persistence unit 'default'
2025-10-21 02:25:53 [SpringApplicationShutdownHook] INFO  com.zaxxer.hikari.HikariDataSource - HikariPool-1 - Shutdown initiated...
2025-10-21 02:25:53 [SpringApplicationShutdownHook] INFO  com.zaxxer.hikari.HikariDataSource - HikariPool-1 - Shutdown completed.
2025-10-21 02:53:15 [restartedMain] INFO  c.i.backend.IhdrsBackendApplication - Starting IhdrsBackendApplication using Java 17.0.16 with PID 10452 (C:\Users\I\IdeaProjects\ihdrs-backend\target\classes started by I in C:\Users\I\IdeaProjects\ihdrs-backend)
2025-10-21 02:53:15 [restartedMain] DEBUG c.i.backend.IhdrsBackendApplication - Running with Spring Boot v3.5.6, Spring v6.2.11
2025-10-21 02:53:15 [restartedMain] INFO  c.i.backend.IhdrsBackendApplication - The following 1 profile is active: "dev"
2025-10-21 02:53:15 [restartedMain] INFO  o.s.b.d.e.DevToolsPropertyDefaultsPostProcessor - Devtools property defaults active! Set 'spring.devtools.add-properties' to 'false' to disable
2025-10-21 02:53:15 [restartedMain] INFO  o.s.b.d.e.DevToolsPropertyDefaultsPostProcessor - For additional web related logging consider setting the 'logging.level.web' property to 'DEBUG'
2025-10-21 02:53:16 [restartedMain] INFO  o.s.d.r.c.RepositoryConfigurationDelegate - Multiple Spring Data modules found, entering strict repository configuration mode
2025-10-21 02:53:16 [restartedMain] INFO  o.s.d.r.c.RepositoryConfigurationDelegate - Bootstrapping Spring Data JPA repositories in DEFAULT mode.
2025-10-21 02:53:16 [restartedMain] INFO  o.s.d.r.c.RepositoryConfigurationDelegate - Finished Spring Data repository scanning in 89 ms. Found 6 JPA repository interfaces.
2025-10-21 02:53:16 [restartedMain] INFO  o.s.d.r.c.RepositoryConfigurationDelegate - Multiple Spring Data modules found, entering strict repository configuration mode
2025-10-21 02:53:16 [restartedMain] INFO  o.s.d.r.c.RepositoryConfigurationDelegate - Bootstrapping Spring Data Redis repositories in DEFAULT mode.
2025-10-21 02:53:16 [restartedMain] INFO  o.s.d.r.c.RepositoryConfigurationExtensionSupport - Spring Data Redis - Could not safely identify store assignment for repository candidate interface com.ihdrs.backend.repository.FeedbackDataRepository; If you want this repository to be a Redis repository, consider annotating your entities with one of these annotations: org.springframework.data.redis.core.RedisHash (preferred), or consider extending one of the following types with your repository: org.springframework.data.keyvalue.repository.KeyValueRepository
2025-10-21 02:53:16 [restartedMain] INFO  o.s.d.r.c.RepositoryConfigurationExtensionSupport - Spring Data Redis - Could not safely identify store assignment for repository candidate interface com.ihdrs.backend.repository.ModelRepository; If you want this repository to be a Redis repository, consider annotating your entities with one of these annotations: org.springframework.data.redis.core.RedisHash (preferred), or consider extending one of the following types with your repository: org.springframework.data.keyvalue.repository.KeyValueRepository
2025-10-21 02:53:16 [restartedMain] INFO  o.s.d.r.c.RepositoryConfigurationExtensionSupport - Spring Data Redis - Could not safely identify store assignment for repository candidate interface com.ihdrs.backend.repository.RecognitionRecordRepository; If you want this repository to be a Redis repository, consider annotating your entities with one of these annotations: org.springframework.data.redis.core.RedisHash (preferred), or consider extending one of the following types with your repository: org.springframework.data.keyvalue.repository.KeyValueRepository
2025-10-21 02:53:16 [restartedMain] INFO  o.s.d.r.c.RepositoryConfigurationExtensionSupport - Spring Data Redis - Could not safely identify store assignment for repository candidate interface com.ihdrs.backend.repository.SystemConfigRepository; If you want this repository to be a Redis repository, consider annotating your entities with one of these annotations: org.springframework.data.redis.core.RedisHash (preferred), or consider extending one of the following types with your repository: org.springframework.data.keyvalue.repository.KeyValueRepository
2025-10-21 02:53:16 [restartedMain] INFO  o.s.d.r.c.RepositoryConfigurationExtensionSupport - Spring Data Redis - Could not safely identify store assignment for repository candidate interface com.ihdrs.backend.repository.TrainingTaskRepository; If you want this repository to be a Redis repository, consider annotating your entities with one of these annotations: org.springframework.data.redis.core.RedisHash (preferred), or consider extending one of the following types with your repository: org.springframework.data.keyvalue.repository.KeyValueRepository
2025-10-21 02:53:16 [restartedMain] INFO  o.s.d.r.c.RepositoryConfigurationExtensionSupport - Spring Data Redis - Could not safely identify store assignment for repository candidate interface com.ihdrs.backend.repository.UserRepository; If you want this repository to be a Redis repository, consider annotating your entities with one of these annotations: org.springframework.data.redis.core.RedisHash (preferred), or consider extending one of the following types with your repository: org.springframework.data.keyvalue.repository.KeyValueRepository
2025-10-21 02:53:16 [restartedMain] INFO  o.s.d.r.c.RepositoryConfigurationDelegate - Finished Spring Data repository scanning in 4 ms. Found 0 Redis repository interfaces.
2025-10-21 02:53:16 [restartedMain] INFO  o.s.b.w.e.tomcat.TomcatWebServer - Tomcat initialized with port 8080 (http)
2025-10-21 02:53:16 [restartedMain] INFO  o.a.catalina.core.StandardService - Starting service [Tomcat]
2025-10-21 02:53:16 [restartedMain] INFO  o.a.catalina.core.StandardEngine - Starting Servlet engine: [Apache Tomcat/10.1.46]
2025-10-21 02:53:16 [restartedMain] INFO  o.a.c.c.C.[.[localhost].[/api] - Initializing Spring embedded WebApplicationContext
2025-10-21 02:53:16 [restartedMain] INFO  o.s.b.w.s.c.ServletWebServerApplicationContext - Root WebApplicationContext: initialization completed in 1250 ms
2025-10-21 02:53:16 [restartedMain] DEBUG c.i.b.s.JwtAuthenticationFilter - Filter 'jwtAuthenticationFilter' configured for use
2025-10-21 02:53:16 [restartedMain] INFO  com.zaxxer.hikari.HikariDataSource - HikariPool-1 - Starting...
2025-10-21 02:53:16 [restartedMain] INFO  com.zaxxer.hikari.pool.HikariPool - HikariPool-1 - Added connection com.mysql.cj.jdbc.ConnectionImpl@2163a597
2025-10-21 02:53:16 [restartedMain] INFO  com.zaxxer.hikari.HikariDataSource - HikariPool-1 - Start completed.
2025-10-21 02:53:17 [restartedMain] INFO  o.h.jpa.internal.util.LogHelper - HHH000204: Processing PersistenceUnitInfo [name: default]
2025-10-21 02:53:17 [restartedMain] INFO  org.hibernate.Version - HHH000412: Hibernate ORM core version 6.6.29.Final
2025-10-21 02:53:17 [restartedMain] INFO  o.h.c.i.RegionFactoryInitiator - HHH000026: Second-level cache disabled
2025-10-21 02:53:17 [restartedMain] INFO  o.s.o.j.p.SpringPersistenceUnitInfo - No LoadTimeWeaver setup: ignoring JPA class transformer
2025-10-21 02:53:17 [restartedMain] INFO  o.hibernate.orm.connections.pooling - HHH10001005: Database info:
	Database JDBC URL [Connecting through datasource 'HikariDataSource (HikariPool-1)']
	Database driver: undefined/unknown
	Database version: 8.0.42
	Autocommit mode: undefined/unknown
	Isolation level: undefined/unknown
	Minimum pool size: undefined/unknown
	Maximum pool size: undefined/unknown
2025-10-21 02:53:18 [restartedMain] INFO  o.h.e.t.j.p.i.JtaPlatformInitiator - HHH000489: No JTA platform available (set 'hibernate.transaction.jta.platform' to enable JTA platform integration)
2025-10-21 02:53:18 [restartedMain] DEBUG org.hibernate.SQL - 
    alter table recognition_records 
       modify column image_data tinyblob
2025-10-21 02:53:18 [restartedMain] DEBUG org.hibernate.SQL - 
    alter table recognition_records 
       modify column is_correct bit
2025-10-21 02:53:18 [restartedMain] DEBUG org.hibernate.SQL - 
    alter table system_configs 
       modify column is_public bit
2025-10-21 02:53:18 [restartedMain] DEBUG org.hibernate.SQL - 
    alter table users 
       modify column status bit
2025-10-21 02:53:18 [restartedMain] INFO  o.s.o.j.LocalContainerEntityManagerFactoryBean - Initialized JPA EntityManagerFactory for persistence unit 'default'
2025-10-21 02:53:18 [restartedMain] INFO  o.s.d.j.r.query.QueryEnhancerFactory - Hibernate is in classpath; If applicable, HQL parser will be used.
2025-10-21 02:53:19 [restartedMain] INFO  o.s.b.a.e.web.EndpointLinksResolver - Exposing 3 endpoints beneath base path '/actuator'
2025-10-21 02:53:19 [restartedMain] WARN  o.s.b.a.s.s.UserDetailsServiceAutoConfiguration - 

Using generated security password: b06dd3a4-e954-4328-adc9-062142527ec9

This generated password is for development use only. Your security configuration must be updated before running your application in production.

2025-10-21 02:53:19 [restartedMain] INFO  o.s.s.c.a.a.c.InitializeUserDetailsBeanManagerConfigurer$InitializeUserDetailsManagerConfigurer - Global AuthenticationManager configured with UserDetailsService bean with name inMemoryUserDetailsManager
2025-10-21 02:53:20 [restartedMain] INFO  o.s.b.d.a.OptionalLiveReloadServer - LiveReload server is running on port 35729
2025-10-21 02:53:20 [restartedMain] INFO  o.s.b.w.e.tomcat.TomcatWebServer - Tomcat started on port 8080 (http) with context path '/api'
2025-10-21 02:53:20 [restartedMain] INFO  c.i.backend.IhdrsBackendApplication - Started IhdrsBackendApplication in 5.056 seconds (process running for 5.556)
2025-10-21 02:53:20 [RMI TCP Connection(2)-192.168.56.1] INFO  o.a.c.c.C.[.[localhost].[/api] - Initializing Spring DispatcherServlet 'dispatcherServlet'
2025-10-21 02:53:20 [RMI TCP Connection(2)-192.168.56.1] INFO  o.s.web.servlet.DispatcherServlet - Initializing Servlet 'dispatcherServlet'
2025-10-21 02:53:20 [RMI TCP Connection(2)-192.168.56.1] INFO  o.s.web.servlet.DispatcherServlet - Completed initialization in 2 ms
2025-10-21 03:37:36 [http-nio-8080-exec-1] DEBUG org.hibernate.SQL - 
    select
        u1_0.user_id,
        u1_0.create_time,
        u1_0.email,
        u1_0.last_login_time,
        u1_0.login_count,
        u1_0.password_hash,
        u1_0.phone,
        u1_0.role,
        u1_0.salt,
        u1_0.status,
        u1_0.update_time,
        u1_0.username 
    from
        users u1_0 
    where
        u1_0.username=?
2025-10-21 03:38:43 [http-nio-8080-exec-3] DEBUG org.hibernate.SQL - 
    select
        u1_0.user_id 
    from
        users u1_0 
    where
        u1_0.username=? 
    limit
        ?
2025-10-21 03:38:43 [http-nio-8080-exec-3] DEBUG org.hibernate.SQL - 
    insert 
    into
        users
        (create_time, email, last_login_time, login_count, password_hash, phone, role, salt, status, update_time, username) 
    values
        (?, ?, ?, ?, ?, ?, ?, ?, ?, ?, ?)
2025-10-21 03:38:43 [http-nio-8080-exec-3] INFO  c.ihdrs.backend.service.AuthService - 用户注册成功: weiwo
2025-10-21 03:38:46 [http-nio-8080-exec-2] DEBUG org.hibernate.SQL - 
    select
        u1_0.user_id,
        u1_0.create_time,
        u1_0.email,
        u1_0.last_login_time,
        u1_0.login_count,
        u1_0.password_hash,
        u1_0.phone,
        u1_0.role,
        u1_0.salt,
        u1_0.status,
        u1_0.update_time,
        u1_0.username 
    from
        users u1_0 
    where
        u1_0.username=?
2025-10-21 03:38:46 [http-nio-8080-exec-2] INFO  c.ihdrs.backend.service.AuthService - 用户登录成功: weiwo
2025-10-21 03:38:46 [http-nio-8080-exec-2] DEBUG org.hibernate.SQL - 
    update
        users 
    set
        email=?,
        last_login_time=?,
        login_count=?,
        password_hash=?,
        phone=?,
        role=?,
        salt=?,
        status=?,
        update_time=?,
        username=? 
    where
        user_id=?
2025-10-21 03:38:47 [http-nio-8080-exec-4] DEBUG org.hibernate.SQL - 
    select
        u1_0.user_id,
        u1_0.create_time,
        u1_0.email,
        u1_0.last_login_time,
        u1_0.login_count,
        u1_0.password_hash,
        u1_0.phone,
        u1_0.role,
        u1_0.salt,
        u1_0.status,
        u1_0.update_time,
        u1_0.username 
    from
        users u1_0 
    where
        u1_0.user_id=?
2025-10-21 03:45:00 [http-nio-8080-exec-6] DEBUG org.hibernate.SQL - 
    select
        u1_0.user_id,
        u1_0.create_time,
        u1_0.email,
        u1_0.last_login_time,
        u1_0.login_count,
        u1_0.password_hash,
        u1_0.phone,
        u1_0.role,
        u1_0.salt,
        u1_0.status,
        u1_0.update_time,
        u1_0.username 
    from
        users u1_0 
    where
        u1_0.user_id=?
2025-10-21 03:48:25 [http-nio-8080-exec-8] DEBUG org.hibernate.SQL - 
    select
        u1_0.user_id,
        u1_0.create_time,
        u1_0.email,
        u1_0.last_login_time,
        u1_0.login_count,
        u1_0.password_hash,
        u1_0.phone,
        u1_0.role,
        u1_0.salt,
        u1_0.status,
        u1_0.update_time,
        u1_0.username 
    from
        users u1_0 
    where
        u1_0.user_id=?
2025-10-21 03:49:29 [http-nio-8080-exec-9] DEBUG org.hibernate.SQL - 
    select
        u1_0.user_id,
        u1_0.create_time,
        u1_0.email,
        u1_0.last_login_time,
        u1_0.login_count,
        u1_0.password_hash,
        u1_0.phone,
        u1_0.role,
        u1_0.salt,
        u1_0.status,
        u1_0.update_time,
        u1_0.username 
    from
        users u1_0 
    where
        u1_0.user_id=?
2025-10-21 03:49:51 [http-nio-8080-exec-1] DEBUG org.hibernate.SQL - 
    select
        u1_0.user_id,
        u1_0.create_time,
        u1_0.email,
        u1_0.last_login_time,
        u1_0.login_count,
        u1_0.password_hash,
        u1_0.phone,
        u1_0.role,
        u1_0.salt,
        u1_0.status,
        u1_0.update_time,
        u1_0.username 
    from
        users u1_0 
    where
        u1_0.user_id=?
2025-10-21 03:49:54 [http-nio-8080-exec-3] DEBUG org.hibernate.SQL - 
    select
        u1_0.user_id,
        u1_0.create_time,
        u1_0.email,
        u1_0.last_login_time,
        u1_0.login_count,
        u1_0.password_hash,
        u1_0.phone,
        u1_0.role,
        u1_0.salt,
        u1_0.status,
        u1_0.update_time,
        u1_0.username 
    from
        users u1_0 
    where
        u1_0.user_id=?
2025-10-21 03:50:59 [http-nio-8080-exec-4] DEBUG org.hibernate.SQL - 
    select
        u1_0.user_id,
        u1_0.create_time,
        u1_0.email,
        u1_0.last_login_time,
        u1_0.login_count,
        u1_0.password_hash,
        u1_0.phone,
        u1_0.role,
        u1_0.salt,
        u1_0.status,
        u1_0.update_time,
        u1_0.username 
    from
        users u1_0 
    where
        u1_0.user_id=?
2025-10-21 03:51:03 [http-nio-8080-exec-5] DEBUG org.hibernate.SQL - 
    select
        u1_0.user_id,
        u1_0.create_time,
        u1_0.email,
        u1_0.last_login_time,
        u1_0.login_count,
        u1_0.password_hash,
        u1_0.phone,
        u1_0.role,
        u1_0.salt,
        u1_0.status,
        u1_0.update_time,
        u1_0.username 
    from
        users u1_0 
    where
        u1_0.user_id=?
2025-10-21 03:53:45 [http-nio-8080-exec-7] DEBUG org.hibernate.SQL - 
    select
        u1_0.user_id,
        u1_0.create_time,
        u1_0.email,
        u1_0.last_login_time,
        u1_0.login_count,
        u1_0.password_hash,
        u1_0.phone,
        u1_0.role,
        u1_0.salt,
        u1_0.status,
        u1_0.update_time,
        u1_0.username 
    from
        users u1_0 
    where
        u1_0.user_id=?
2025-10-21 04:10:05 [http-nio-8080-exec-10] DEBUG org.hibernate.SQL - 
    select
        u1_0.user_id,
        u1_0.create_time,
        u1_0.email,
        u1_0.last_login_time,
        u1_0.login_count,
        u1_0.password_hash,
        u1_0.phone,
        u1_0.role,
        u1_0.salt,
        u1_0.status,
        u1_0.update_time,
        u1_0.username 
    from
        users u1_0 
    where
        u1_0.user_id=?
2025-10-21 04:10:40 [http-nio-8080-exec-9] DEBUG org.hibernate.SQL - 
    select
        u1_0.user_id,
        u1_0.create_time,
        u1_0.email,
        u1_0.last_login_time,
        u1_0.login_count,
        u1_0.password_hash,
        u1_0.phone,
        u1_0.role,
        u1_0.salt,
        u1_0.status,
        u1_0.update_time,
        u1_0.username 
    from
        users u1_0 
    where
        u1_0.user_id=?
2025-10-21 04:14:34 [http-nio-8080-exec-3] DEBUG org.hibernate.SQL - 
    select
        u1_0.user_id,
        u1_0.create_time,
        u1_0.email,
        u1_0.last_login_time,
        u1_0.login_count,
        u1_0.password_hash,
        u1_0.phone,
        u1_0.role,
        u1_0.salt,
        u1_0.status,
        u1_0.update_time,
        u1_0.username 
    from
        users u1_0 
    where
        u1_0.user_id=?
2025-10-21 04:14:38 [http-nio-8080-exec-2] DEBUG org.hibernate.SQL - 
    select
        u1_0.user_id,
        u1_0.create_time,
        u1_0.email,
        u1_0.last_login_time,
        u1_0.login_count,
        u1_0.password_hash,
        u1_0.phone,
        u1_0.role,
        u1_0.salt,
        u1_0.status,
        u1_0.update_time,
        u1_0.username 
    from
        users u1_0 
    where
        u1_0.user_id=?
2025-10-21 04:33:06 [http-nio-8080-exec-5] DEBUG org.hibernate.SQL - 
    select
        u1_0.user_id,
        u1_0.create_time,
        u1_0.email,
        u1_0.last_login_time,
        u1_0.login_count,
        u1_0.password_hash,
        u1_0.phone,
        u1_0.role,
        u1_0.salt,
        u1_0.status,
        u1_0.update_time,
        u1_0.username 
    from
        users u1_0 
    where
        u1_0.user_id=?
2025-10-21 04:37:30 [http-nio-8080-exec-7] DEBUG org.hibernate.SQL - 
    select
        u1_0.user_id,
        u1_0.create_time,
        u1_0.email,
        u1_0.last_login_time,
        u1_0.login_count,
        u1_0.password_hash,
        u1_0.phone,
        u1_0.role,
        u1_0.salt,
        u1_0.status,
        u1_0.update_time,
        u1_0.username 
    from
        users u1_0 
    where
        u1_0.user_id=?
2025-10-21 04:40:18 [SpringApplicationShutdownHook] INFO  o.s.b.w.e.tomcat.GracefulShutdown - Commencing graceful shutdown. Waiting for active requests to complete
2025-10-21 04:40:18 [tomcat-shutdown] INFO  o.s.b.w.e.tomcat.GracefulShutdown - Graceful shutdown complete
2025-10-21 04:40:18 [SpringApplicationShutdownHook] INFO  o.s.o.j.LocalContainerEntityManagerFactoryBean - Closing JPA EntityManagerFactory for persistence unit 'default'
2025-10-21 04:40:18 [SpringApplicationShutdownHook] INFO  com.zaxxer.hikari.HikariDataSource - HikariPool-1 - Shutdown initiated...
2025-10-21 04:40:18 [SpringApplicationShutdownHook] INFO  com.zaxxer.hikari.HikariDataSource - HikariPool-1 - Shutdown completed.
2025-10-21 14:05:28 [restartedMain] INFO  c.i.backend.IhdrsBackendApplication - Starting IhdrsBackendApplication using Java 17.0.16 with PID 4024 (C:\Users\I\IdeaProjects\ihdrs-backend\target\classes started by I in C:\Users\I\IdeaProjects\ihdrs-backend)
2025-10-21 14:05:28 [restartedMain] DEBUG c.i.backend.IhdrsBackendApplication - Running with Spring Boot v3.5.6, Spring v6.2.11
2025-10-21 14:05:28 [restartedMain] INFO  c.i.backend.IhdrsBackendApplication - The following 1 profile is active: "dev"
2025-10-21 14:05:28 [restartedMain] INFO  o.s.b.d.e.DevToolsPropertyDefaultsPostProcessor - Devtools property defaults active! Set 'spring.devtools.add-properties' to 'false' to disable
2025-10-21 14:05:28 [restartedMain] INFO  o.s.b.d.e.DevToolsPropertyDefaultsPostProcessor - For additional web related logging consider setting the 'logging.level.web' property to 'DEBUG'
2025-10-21 14:05:31 [restartedMain] INFO  o.s.d.r.c.RepositoryConfigurationDelegate - Multiple Spring Data modules found, entering strict repository configuration mode
2025-10-21 14:05:31 [restartedMain] INFO  o.s.d.r.c.RepositoryConfigurationDelegate - Bootstrapping Spring Data JPA repositories in DEFAULT mode.
2025-10-21 14:05:31 [restartedMain] INFO  o.s.d.r.c.RepositoryConfigurationDelegate - Finished Spring Data repository scanning in 256 ms. Found 6 JPA repository interfaces.
2025-10-21 14:05:31 [restartedMain] INFO  o.s.d.r.c.RepositoryConfigurationDelegate - Multiple Spring Data modules found, entering strict repository configuration mode
2025-10-21 14:05:31 [restartedMain] INFO  o.s.d.r.c.RepositoryConfigurationDelegate - Bootstrapping Spring Data Redis repositories in DEFAULT mode.
2025-10-21 14:05:31 [restartedMain] INFO  o.s.d.r.c.RepositoryConfigurationExtensionSupport - Spring Data Redis - Could not safely identify store assignment for repository candidate interface com.ihdrs.backend.repository.FeedbackDataRepository; If you want this repository to be a Redis repository, consider annotating your entities with one of these annotations: org.springframework.data.redis.core.RedisHash (preferred), or consider extending one of the following types with your repository: org.springframework.data.keyvalue.repository.KeyValueRepository
2025-10-21 14:05:31 [restartedMain] INFO  o.s.d.r.c.RepositoryConfigurationExtensionSupport - Spring Data Redis - Could not safely identify store assignment for repository candidate interface com.ihdrs.backend.repository.ModelRepository; If you want this repository to be a Redis repository, consider annotating your entities with one of these annotations: org.springframework.data.redis.core.RedisHash (preferred), or consider extending one of the following types with your repository: org.springframework.data.keyvalue.repository.KeyValueRepository
2025-10-21 14:05:31 [restartedMain] INFO  o.s.d.r.c.RepositoryConfigurationExtensionSupport - Spring Data Redis - Could not safely identify store assignment for repository candidate interface com.ihdrs.backend.repository.RecognitionRecordRepository; If you want this repository to be a Redis repository, consider annotating your entities with one of these annotations: org.springframework.data.redis.core.RedisHash (preferred), or consider extending one of the following types with your repository: org.springframework.data.keyvalue.repository.KeyValueRepository
2025-10-21 14:05:31 [restartedMain] INFO  o.s.d.r.c.RepositoryConfigurationExtensionSupport - Spring Data Redis - Could not safely identify store assignment for repository candidate interface com.ihdrs.backend.repository.SystemConfigRepository; If you want this repository to be a Redis repository, consider annotating your entities with one of these annotations: org.springframework.data.redis.core.RedisHash (preferred), or consider extending one of the following types with your repository: org.springframework.data.keyvalue.repository.KeyValueRepository
2025-10-21 14:05:31 [restartedMain] INFO  o.s.d.r.c.RepositoryConfigurationExtensionSupport - Spring Data Redis - Could not safely identify store assignment for repository candidate interface com.ihdrs.backend.repository.TrainingTaskRepository; If you want this repository to be a Redis repository, consider annotating your entities with one of these annotations: org.springframework.data.redis.core.RedisHash (preferred), or consider extending one of the following types with your repository: org.springframework.data.keyvalue.repository.KeyValueRepository
2025-10-21 14:05:31 [restartedMain] INFO  o.s.d.r.c.RepositoryConfigurationExtensionSupport - Spring Data Redis - Could not safely identify store assignment for repository candidate interface com.ihdrs.backend.repository.UserRepository; If you want this repository to be a Redis repository, consider annotating your entities with one of these annotations: org.springframework.data.redis.core.RedisHash (preferred), or consider extending one of the following types with your repository: org.springframework.data.keyvalue.repository.KeyValueRepository
2025-10-21 14:05:31 [restartedMain] INFO  o.s.d.r.c.RepositoryConfigurationDelegate - Finished Spring Data repository scanning in 13 ms. Found 0 Redis repository interfaces.
2025-10-21 14:05:32 [restartedMain] INFO  o.s.b.w.e.tomcat.TomcatWebServer - Tomcat initialized with port 8080 (http)
2025-10-21 14:05:32 [restartedMain] INFO  o.a.catalina.core.StandardService - Starting service [Tomcat]
2025-10-21 14:05:32 [restartedMain] INFO  o.a.catalina.core.StandardEngine - Starting Servlet engine: [Apache Tomcat/10.1.46]
2025-10-21 14:05:32 [restartedMain] INFO  o.a.c.c.C.[.[localhost].[/api] - Initializing Spring embedded WebApplicationContext
2025-10-21 14:05:32 [restartedMain] INFO  o.s.b.w.s.c.ServletWebServerApplicationContext - Root WebApplicationContext: initialization completed in 4244 ms
2025-10-21 14:05:32 [restartedMain] DEBUG c.i.b.s.JwtAuthenticationFilter - Filter 'jwtAuthenticationFilter' configured for use
2025-10-21 14:05:32 [restartedMain] INFO  com.zaxxer.hikari.HikariDataSource - HikariPool-1 - Starting...
2025-10-21 14:05:33 [restartedMain] INFO  com.zaxxer.hikari.pool.HikariPool - HikariPool-1 - Added connection com.mysql.cj.jdbc.ConnectionImpl@8f0649d
2025-10-21 14:05:33 [restartedMain] INFO  com.zaxxer.hikari.HikariDataSource - HikariPool-1 - Start completed.
2025-10-21 14:05:34 [restartedMain] INFO  o.h.jpa.internal.util.LogHelper - HHH000204: Processing PersistenceUnitInfo [name: default]
2025-10-21 14:05:34 [restartedMain] INFO  org.hibernate.Version - HHH000412: Hibernate ORM core version 6.6.29.Final
2025-10-21 14:05:34 [restartedMain] INFO  o.h.c.i.RegionFactoryInitiator - HHH000026: Second-level cache disabled
2025-10-21 14:05:34 [restartedMain] INFO  o.s.o.j.p.SpringPersistenceUnitInfo - No LoadTimeWeaver setup: ignoring JPA class transformer
2025-10-21 14:05:34 [restartedMain] INFO  o.hibernate.orm.connections.pooling - HHH10001005: Database info:
	Database JDBC URL [Connecting through datasource 'HikariDataSource (HikariPool-1)']
	Database driver: undefined/unknown
	Database version: 8.0.42
	Autocommit mode: undefined/unknown
	Isolation level: undefined/unknown
	Minimum pool size: undefined/unknown
	Maximum pool size: undefined/unknown
2025-10-21 14:05:35 [restartedMain] INFO  o.h.e.t.j.p.i.JtaPlatformInitiator - HHH000489: No JTA platform available (set 'hibernate.transaction.jta.platform' to enable JTA platform integration)
2025-10-21 14:05:35 [restartedMain] DEBUG org.hibernate.SQL - 
    alter table recognition_records 
       modify column image_data tinyblob
2025-10-21 14:05:35 [restartedMain] DEBUG org.hibernate.SQL - 
    alter table recognition_records 
       modify column is_correct bit
2025-10-21 14:05:35 [restartedMain] DEBUG org.hibernate.SQL - 
    alter table system_configs 
       modify column is_public bit
2025-10-21 14:05:35 [restartedMain] DEBUG org.hibernate.SQL - 
    alter table users 
       modify column status bit
2025-10-21 14:05:36 [restartedMain] INFO  o.s.o.j.LocalContainerEntityManagerFactoryBean - Initialized JPA EntityManagerFactory for persistence unit 'default'
2025-10-21 14:05:36 [restartedMain] INFO  o.s.d.j.r.query.QueryEnhancerFactory - Hibernate is in classpath; If applicable, HQL parser will be used.
2025-10-21 14:05:37 [restartedMain] INFO  o.s.b.a.e.web.EndpointLinksResolver - Exposing 3 endpoints beneath base path '/actuator'
2025-10-21 14:05:38 [restartedMain] WARN  o.s.b.a.s.s.UserDetailsServiceAutoConfiguration - 

Using generated security password: 9459ba53-6398-46ce-98e8-2a5e09f94c86

This generated password is for development use only. Your security configuration must be updated before running your application in production.

2025-10-21 14:05:38 [restartedMain] INFO  o.s.s.c.a.a.c.InitializeUserDetailsBeanManagerConfigurer$InitializeUserDetailsManagerConfigurer - Global AuthenticationManager configured with UserDetailsService bean with name inMemoryUserDetailsManager
2025-10-21 14:05:38 [restartedMain] INFO  o.s.b.d.a.OptionalLiveReloadServer - LiveReload server is running on port 35729
2025-10-21 14:05:38 [restartedMain] INFO  o.s.b.w.e.tomcat.TomcatWebServer - Tomcat started on port 8080 (http) with context path '/api'
2025-10-21 14:05:38 [restartedMain] INFO  c.i.backend.IhdrsBackendApplication - Started IhdrsBackendApplication in 11.351 seconds (process running for 12.643)
2025-10-21 14:05:38 [RMI TCP Connection(4)-192.168.56.1] INFO  o.a.c.c.C.[.[localhost].[/api] - Initializing Spring DispatcherServlet 'dispatcherServlet'
2025-10-21 14:05:38 [RMI TCP Connection(4)-192.168.56.1] INFO  o.s.web.servlet.DispatcherServlet - Initializing Servlet 'dispatcherServlet'
2025-10-21 14:05:38 [RMI TCP Connection(4)-192.168.56.1] INFO  o.s.web.servlet.DispatcherServlet - Completed initialization in 2 ms
2025-10-21 14:06:18 [http-nio-8080-exec-2] DEBUG org.hibernate.SQL - 
    select
        u1_0.user_id,
        u1_0.create_time,
        u1_0.email,
        u1_0.last_login_time,
        u1_0.login_count,
        u1_0.password_hash,
        u1_0.phone,
        u1_0.role,
        u1_0.salt,
        u1_0.status,
        u1_0.update_time,
        u1_0.username 
    from
        users u1_0 
    where
        u1_0.user_id=?
2025-10-21 14:06:27 [http-nio-8080-exec-4] DEBUG org.hibernate.SQL - 
    select
        u1_0.user_id,
        u1_0.create_time,
        u1_0.email,
        u1_0.last_login_time,
        u1_0.login_count,
        u1_0.password_hash,
        u1_0.phone,
        u1_0.role,
        u1_0.salt,
        u1_0.status,
        u1_0.update_time,
        u1_0.username 
    from
        users u1_0 
    where
        u1_0.username=?
2025-10-21 14:07:06 [http-nio-8080-exec-3] DEBUG org.hibernate.SQL - 
    select
        u1_0.user_id 
    from
        users u1_0 
    where
        u1_0.username=? 
    limit
        ?
2025-10-21 14:07:06 [http-nio-8080-exec-3] DEBUG org.hibernate.SQL - 
    insert 
    into
        users
        (create_time, email, last_login_time, login_count, password_hash, phone, role, salt, status, update_time, username) 
    values
        (?, ?, ?, ?, ?, ?, ?, ?, ?, ?, ?)
2025-10-21 14:07:06 [http-nio-8080-exec-3] INFO  c.ihdrs.backend.service.AuthService - 用户注册成功: weiwo
2025-10-21 14:07:08 [http-nio-8080-exec-7] DEBUG org.hibernate.SQL - 
    select
        u1_0.user_id,
        u1_0.create_time,
        u1_0.email,
        u1_0.last_login_time,
        u1_0.login_count,
        u1_0.password_hash,
        u1_0.phone,
        u1_0.role,
        u1_0.salt,
        u1_0.status,
        u1_0.update_time,
        u1_0.username 
    from
        users u1_0 
    where
        u1_0.username=?
2025-10-21 14:07:08 [http-nio-8080-exec-7] INFO  c.ihdrs.backend.service.AuthService - 用户登录成功: weiwo
2025-10-21 14:07:08 [http-nio-8080-exec-7] DEBUG org.hibernate.SQL - 
    update
        users 
    set
        email=?,
        last_login_time=?,
        login_count=?,
        password_hash=?,
        phone=?,
        role=?,
        salt=?,
        status=?,
        update_time=?,
        username=? 
    where
        user_id=?
2025-10-21 14:07:08 [http-nio-8080-exec-8] DEBUG org.hibernate.SQL - 
    select
        u1_0.user_id,
        u1_0.create_time,
        u1_0.email,
        u1_0.last_login_time,
        u1_0.login_count,
        u1_0.password_hash,
        u1_0.phone,
        u1_0.role,
        u1_0.salt,
        u1_0.status,
        u1_0.update_time,
        u1_0.username 
    from
        users u1_0 
    where
        u1_0.user_id=?
2025-10-21 14:07:15 [http-nio-8080-exec-9] DEBUG org.hibernate.SQL - 
    select
        u1_0.user_id,
        u1_0.create_time,
        u1_0.email,
        u1_0.last_login_time,
        u1_0.login_count,
        u1_0.password_hash,
        u1_0.phone,
        u1_0.role,
        u1_0.salt,
        u1_0.status,
        u1_0.update_time,
        u1_0.username 
    from
        users u1_0 
    where
        u1_0.user_id=?
2025-10-21 14:08:10 [SpringApplicationShutdownHook] INFO  o.s.b.w.e.tomcat.GracefulShutdown - Commencing graceful shutdown. Waiting for active requests to complete
2025-10-21 14:08:10 [tomcat-shutdown] INFO  o.s.b.w.e.tomcat.GracefulShutdown - Graceful shutdown complete
2025-10-21 14:08:10 [SpringApplicationShutdownHook] INFO  o.s.o.j.LocalContainerEntityManagerFactoryBean - Closing JPA EntityManagerFactory for persistence unit 'default'
2025-10-21 14:08:10 [SpringApplicationShutdownHook] INFO  com.zaxxer.hikari.HikariDataSource - HikariPool-1 - Shutdown initiated...
2025-10-21 14:08:10 [SpringApplicationShutdownHook] INFO  com.zaxxer.hikari.HikariDataSource - HikariPool-1 - Shutdown completed.
2025-10-21 15:19:50 [restartedMain] INFO  c.i.backend.IhdrsBackendApplication - Starting IhdrsBackendApplication using Java 17.0.16 with PID 12756 (C:\Users\I\IdeaProjects\ihdrs-backend\target\classes started by I in C:\Users\I\IdeaProjects\ihdrs-backend)
2025-10-21 15:19:50 [restartedMain] DEBUG c.i.backend.IhdrsBackendApplication - Running with Spring Boot v3.5.6, Spring v6.2.11
2025-10-21 15:19:50 [restartedMain] INFO  c.i.backend.IhdrsBackendApplication - The following 1 profile is active: "dev"
2025-10-21 15:19:50 [restartedMain] INFO  o.s.b.d.e.DevToolsPropertyDefaultsPostProcessor - Devtools property defaults active! Set 'spring.devtools.add-properties' to 'false' to disable
2025-10-21 15:19:50 [restartedMain] INFO  o.s.b.d.e.DevToolsPropertyDefaultsPostProcessor - For additional web related logging consider setting the 'logging.level.web' property to 'DEBUG'
2025-10-21 15:19:51 [restartedMain] INFO  o.s.d.r.c.RepositoryConfigurationDelegate - Multiple Spring Data modules found, entering strict repository configuration mode
2025-10-21 15:19:51 [restartedMain] INFO  o.s.d.r.c.RepositoryConfigurationDelegate - Bootstrapping Spring Data JPA repositories in DEFAULT mode.
2025-10-21 15:19:52 [restartedMain] INFO  o.s.d.r.c.RepositoryConfigurationDelegate - Finished Spring Data repository scanning in 96 ms. Found 6 JPA repository interfaces.
2025-10-21 15:19:52 [restartedMain] INFO  o.s.d.r.c.RepositoryConfigurationDelegate - Multiple Spring Data modules found, entering strict repository configuration mode
2025-10-21 15:19:52 [restartedMain] INFO  o.s.d.r.c.RepositoryConfigurationDelegate - Bootstrapping Spring Data Redis repositories in DEFAULT mode.
2025-10-21 15:19:52 [restartedMain] INFO  o.s.d.r.c.RepositoryConfigurationExtensionSupport - Spring Data Redis - Could not safely identify store assignment for repository candidate interface com.ihdrs.backend.repository.FeedbackDataRepository; If you want this repository to be a Redis repository, consider annotating your entities with one of these annotations: org.springframework.data.redis.core.RedisHash (preferred), or consider extending one of the following types with your repository: org.springframework.data.keyvalue.repository.KeyValueRepository
2025-10-21 15:19:52 [restartedMain] INFO  o.s.d.r.c.RepositoryConfigurationExtensionSupport - Spring Data Redis - Could not safely identify store assignment for repository candidate interface com.ihdrs.backend.repository.ModelRepository; If you want this repository to be a Redis repository, consider annotating your entities with one of these annotations: org.springframework.data.redis.core.RedisHash (preferred), or consider extending one of the following types with your repository: org.springframework.data.keyvalue.repository.KeyValueRepository
2025-10-21 15:19:52 [restartedMain] INFO  o.s.d.r.c.RepositoryConfigurationExtensionSupport - Spring Data Redis - Could not safely identify store assignment for repository candidate interface com.ihdrs.backend.repository.RecognitionRecordRepository; If you want this repository to be a Redis repository, consider annotating your entities with one of these annotations: org.springframework.data.redis.core.RedisHash (preferred), or consider extending one of the following types with your repository: org.springframework.data.keyvalue.repository.KeyValueRepository
2025-10-21 15:19:52 [restartedMain] INFO  o.s.d.r.c.RepositoryConfigurationExtensionSupport - Spring Data Redis - Could not safely identify store assignment for repository candidate interface com.ihdrs.backend.repository.SystemConfigRepository; If you want this repository to be a Redis repository, consider annotating your entities with one of these annotations: org.springframework.data.redis.core.RedisHash (preferred), or consider extending one of the following types with your repository: org.springframework.data.keyvalue.repository.KeyValueRepository
2025-10-21 15:19:52 [restartedMain] INFO  o.s.d.r.c.RepositoryConfigurationExtensionSupport - Spring Data Redis - Could not safely identify store assignment for repository candidate interface com.ihdrs.backend.repository.TrainingTaskRepository; If you want this repository to be a Redis repository, consider annotating your entities with one of these annotations: org.springframework.data.redis.core.RedisHash (preferred), or consider extending one of the following types with your repository: org.springframework.data.keyvalue.repository.KeyValueRepository
2025-10-21 15:19:52 [restartedMain] INFO  o.s.d.r.c.RepositoryConfigurationExtensionSupport - Spring Data Redis - Could not safely identify store assignment for repository candidate interface com.ihdrs.backend.repository.UserRepository; If you want this repository to be a Redis repository, consider annotating your entities with one of these annotations: org.springframework.data.redis.core.RedisHash (preferred), or consider extending one of the following types with your repository: org.springframework.data.keyvalue.repository.KeyValueRepository
2025-10-21 15:19:52 [restartedMain] INFO  o.s.d.r.c.RepositoryConfigurationDelegate - Finished Spring Data repository scanning in 11 ms. Found 0 Redis repository interfaces.
2025-10-21 15:19:52 [restartedMain] INFO  o.s.b.w.e.tomcat.TomcatWebServer - Tomcat initialized with port 8080 (http)
2025-10-21 15:19:52 [restartedMain] INFO  o.a.catalina.core.StandardService - Starting service [Tomcat]
2025-10-21 15:19:52 [restartedMain] INFO  o.a.catalina.core.StandardEngine - Starting Servlet engine: [Apache Tomcat/10.1.46]
2025-10-21 15:19:52 [restartedMain] INFO  o.a.c.c.C.[.[localhost].[/api] - Initializing Spring embedded WebApplicationContext
2025-10-21 15:19:52 [restartedMain] INFO  o.s.b.w.s.c.ServletWebServerApplicationContext - Root WebApplicationContext: initialization completed in 1531 ms
2025-10-21 15:19:52 [restartedMain] DEBUG c.i.b.s.JwtAuthenticationFilter - Filter 'jwtAuthenticationFilter' configured for use
2025-10-21 15:19:52 [restartedMain] INFO  com.zaxxer.hikari.HikariDataSource - HikariPool-1 - Starting...
2025-10-21 15:19:52 [restartedMain] INFO  com.zaxxer.hikari.pool.HikariPool - HikariPool-1 - Added connection com.mysql.cj.jdbc.ConnectionImpl@254807f5
2025-10-21 15:19:52 [restartedMain] INFO  com.zaxxer.hikari.HikariDataSource - HikariPool-1 - Start completed.
2025-10-21 15:19:53 [restartedMain] INFO  o.h.jpa.internal.util.LogHelper - HHH000204: Processing PersistenceUnitInfo [name: default]
2025-10-21 15:19:53 [restartedMain] INFO  org.hibernate.Version - HHH000412: Hibernate ORM core version 6.6.29.Final
2025-10-21 15:19:53 [restartedMain] INFO  o.h.c.i.RegionFactoryInitiator - HHH000026: Second-level cache disabled
2025-10-21 15:19:53 [restartedMain] INFO  o.s.o.j.p.SpringPersistenceUnitInfo - No LoadTimeWeaver setup: ignoring JPA class transformer
2025-10-21 15:19:53 [restartedMain] INFO  o.hibernate.orm.connections.pooling - HHH10001005: Database info:
	Database JDBC URL [Connecting through datasource 'HikariDataSource (HikariPool-1)']
	Database driver: undefined/unknown
	Database version: 8.0.42
	Autocommit mode: undefined/unknown
	Isolation level: undefined/unknown
	Minimum pool size: undefined/unknown
	Maximum pool size: undefined/unknown
2025-10-21 15:19:54 [restartedMain] INFO  o.h.e.t.j.p.i.JtaPlatformInitiator - HHH000489: No JTA platform available (set 'hibernate.transaction.jta.platform' to enable JTA platform integration)
2025-10-21 15:19:54 [restartedMain] DEBUG org.hibernate.SQL - 
    alter table recognition_records 
       modify column image_data tinyblob
2025-10-21 15:19:54 [restartedMain] DEBUG org.hibernate.SQL - 
    alter table recognition_records 
       modify column is_correct bit
2025-10-21 15:19:54 [restartedMain] DEBUG org.hibernate.SQL - 
    alter table system_configs 
       modify column is_public bit
2025-10-21 15:19:54 [restartedMain] DEBUG org.hibernate.SQL - 
    alter table users 
       modify column status bit
2025-10-21 15:19:54 [restartedMain] INFO  o.s.o.j.LocalContainerEntityManagerFactoryBean - Initialized JPA EntityManagerFactory for persistence unit 'default'
2025-10-21 15:19:54 [restartedMain] INFO  o.s.d.j.r.query.QueryEnhancerFactory - Hibernate is in classpath; If applicable, HQL parser will be used.
2025-10-21 15:19:56 [restartedMain] INFO  o.s.b.a.e.web.EndpointLinksResolver - Exposing 3 endpoints beneath base path '/actuator'
2025-10-21 15:19:56 [restartedMain] WARN  o.s.b.a.s.s.UserDetailsServiceAutoConfiguration - 

Using generated security password: ec13c5ee-8298-431d-b200-40d0b61bbfaa

This generated password is for development use only. Your security configuration must be updated before running your application in production.

2025-10-21 15:19:56 [restartedMain] INFO  o.s.s.c.a.a.c.InitializeUserDetailsBeanManagerConfigurer$InitializeUserDetailsManagerConfigurer - Global AuthenticationManager configured with UserDetailsService bean with name inMemoryUserDetailsManager
2025-10-21 15:19:56 [restartedMain] INFO  o.s.b.d.a.OptionalLiveReloadServer - LiveReload server is running on port 35729
2025-10-21 15:19:56 [restartedMain] INFO  o.s.b.w.e.tomcat.TomcatWebServer - Tomcat started on port 8080 (http) with context path '/api'
2025-10-21 15:19:56 [restartedMain] INFO  c.i.backend.IhdrsBackendApplication - Started IhdrsBackendApplication in 5.953 seconds (process running for 6.662)
2025-10-21 15:19:56 [RMI TCP Connection(2)-192.168.56.1] INFO  o.a.c.c.C.[.[localhost].[/api] - Initializing Spring DispatcherServlet 'dispatcherServlet'
2025-10-21 15:19:56 [RMI TCP Connection(2)-192.168.56.1] INFO  o.s.web.servlet.DispatcherServlet - Initializing Servlet 'dispatcherServlet'
2025-10-21 15:19:56 [RMI TCP Connection(2)-192.168.56.1] INFO  o.s.web.servlet.DispatcherServlet - Completed initialization in 1 ms
2025-10-21 15:23:42 [http-nio-8080-exec-7] DEBUG org.hibernate.SQL - 
    select
        u1_0.user_id,
        u1_0.create_time,
        u1_0.email,
        u1_0.last_login_time,
        u1_0.login_count,
        u1_0.password_hash,
        u1_0.phone,
        u1_0.role,
        u1_0.salt,
        u1_0.status,
        u1_0.update_time,
        u1_0.username 
    from
        users u1_0 
    where
        u1_0.user_id=?
2025-10-21 15:24:28 [http-nio-8080-exec-5] DEBUG org.hibernate.SQL - 
    select
        u1_0.user_id 
    from
        users u1_0 
    where
        u1_0.username=? 
    limit
        ?
2025-10-21 15:24:28 [http-nio-8080-exec-5] DEBUG org.hibernate.SQL - 
    insert 
    into
        users
        (create_time, email, last_login_time, login_count, password_hash, phone, role, salt, status, update_time, username) 
    values
        (?, ?, ?, ?, ?, ?, ?, ?, ?, ?, ?)
2025-10-21 15:24:28 [http-nio-8080-exec-5] INFO  c.ihdrs.backend.service.AuthService - 用户注册成功: weiwo
2025-10-21 15:24:32 [http-nio-8080-exec-2] DEBUG org.hibernate.SQL - 
    select
        u1_0.user_id,
        u1_0.create_time,
        u1_0.email,
        u1_0.last_login_time,
        u1_0.login_count,
        u1_0.password_hash,
        u1_0.phone,
        u1_0.role,
        u1_0.salt,
        u1_0.status,
        u1_0.update_time,
        u1_0.username 
    from
        users u1_0 
    where
        u1_0.username=?
2025-10-21 15:24:32 [http-nio-8080-exec-2] INFO  c.ihdrs.backend.service.AuthService - 用户登录成功: weiwo
2025-10-21 15:24:32 [http-nio-8080-exec-2] DEBUG org.hibernate.SQL - 
    update
        users 
    set
        email=?,
        last_login_time=?,
        login_count=?,
        password_hash=?,
        phone=?,
        role=?,
        salt=?,
        status=?,
        update_time=?,
        username=? 
    where
        user_id=?
2025-10-21 15:24:32 [http-nio-8080-exec-9] DEBUG org.hibernate.SQL - 
    select
        u1_0.user_id,
        u1_0.create_time,
        u1_0.email,
        u1_0.last_login_time,
        u1_0.login_count,
        u1_0.password_hash,
        u1_0.phone,
        u1_0.role,
        u1_0.salt,
        u1_0.status,
        u1_0.update_time,
        u1_0.username 
    from
        users u1_0 
    where
        u1_0.user_id=?
2025-10-21 15:28:01 [http-nio-8080-exec-3] DEBUG org.hibernate.SQL - 
    select
        u1_0.user_id,
        u1_0.create_time,
        u1_0.email,
        u1_0.last_login_time,
        u1_0.login_count,
        u1_0.password_hash,
        u1_0.phone,
        u1_0.role,
        u1_0.salt,
        u1_0.status,
        u1_0.update_time,
        u1_0.username 
    from
        users u1_0 
    where
        u1_0.user_id=?
2025-10-21 15:28:04 [http-nio-8080-exec-8] DEBUG org.hibernate.SQL - 
    select
        u1_0.user_id,
        u1_0.create_time,
        u1_0.email,
        u1_0.last_login_time,
        u1_0.login_count,
        u1_0.password_hash,
        u1_0.phone,
        u1_0.role,
        u1_0.salt,
        u1_0.status,
        u1_0.update_time,
        u1_0.username 
    from
        users u1_0 
    where
        u1_0.user_id=?
2025-10-21 15:28:11 [SpringApplicationShutdownHook] INFO  o.s.b.w.e.tomcat.GracefulShutdown - Commencing graceful shutdown. Waiting for active requests to complete
2025-10-21 15:28:11 [tomcat-shutdown] INFO  o.s.b.w.e.tomcat.GracefulShutdown - Graceful shutdown complete
2025-10-21 15:28:11 [SpringApplicationShutdownHook] INFO  o.s.o.j.LocalContainerEntityManagerFactoryBean - Closing JPA EntityManagerFactory for persistence unit 'default'
2025-10-21 15:28:11 [SpringApplicationShutdownHook] INFO  com.zaxxer.hikari.HikariDataSource - HikariPool-1 - Shutdown initiated...
2025-10-21 15:28:11 [SpringApplicationShutdownHook] INFO  com.zaxxer.hikari.HikariDataSource - HikariPool-1 - Shutdown completed.
2025-10-21 22:08:15 [restartedMain] INFO  c.i.backend.IhdrsBackendApplication - Starting IhdrsBackendApplication using Java 17.0.16 with PID 7888 (C:\Users\I\IdeaProjects\ihdrs-backend\target\classes started by I in C:\Users\I\IdeaProjects\ihdrs-backend)
2025-10-21 22:08:15 [restartedMain] DEBUG c.i.backend.IhdrsBackendApplication - Running with Spring Boot v3.5.6, Spring v6.2.11
2025-10-21 22:08:15 [restartedMain] INFO  c.i.backend.IhdrsBackendApplication - The following 1 profile is active: "dev"
2025-10-21 22:08:15 [restartedMain] INFO  o.s.b.d.e.DevToolsPropertyDefaultsPostProcessor - Devtools property defaults active! Set 'spring.devtools.add-properties' to 'false' to disable
2025-10-21 22:08:15 [restartedMain] INFO  o.s.b.d.e.DevToolsPropertyDefaultsPostProcessor - For additional web related logging consider setting the 'logging.level.web' property to 'DEBUG'
2025-10-21 22:08:17 [restartedMain] INFO  o.s.d.r.c.RepositoryConfigurationDelegate - Multiple Spring Data modules found, entering strict repository configuration mode
2025-10-21 22:08:17 [restartedMain] INFO  o.s.d.r.c.RepositoryConfigurationDelegate - Bootstrapping Spring Data JPA repositories in DEFAULT mode.
2025-10-21 22:08:17 [restartedMain] INFO  o.s.d.r.c.RepositoryConfigurationDelegate - Finished Spring Data repository scanning in 210 ms. Found 6 JPA repository interfaces.
2025-10-21 22:08:17 [restartedMain] INFO  o.s.d.r.c.RepositoryConfigurationDelegate - Multiple Spring Data modules found, entering strict repository configuration mode
2025-10-21 22:08:17 [restartedMain] INFO  o.s.d.r.c.RepositoryConfigurationDelegate - Bootstrapping Spring Data Redis repositories in DEFAULT mode.
2025-10-21 22:08:17 [restartedMain] INFO  o.s.d.r.c.RepositoryConfigurationExtensionSupport - Spring Data Redis - Could not safely identify store assignment for repository candidate interface com.ihdrs.backend.repository.FeedbackDataRepository; If you want this repository to be a Redis repository, consider annotating your entities with one of these annotations: org.springframework.data.redis.core.RedisHash (preferred), or consider extending one of the following types with your repository: org.springframework.data.keyvalue.repository.KeyValueRepository
2025-10-21 22:08:17 [restartedMain] INFO  o.s.d.r.c.RepositoryConfigurationExtensionSupport - Spring Data Redis - Could not safely identify store assignment for repository candidate interface com.ihdrs.backend.repository.ModelRepository; If you want this repository to be a Redis repository, consider annotating your entities with one of these annotations: org.springframework.data.redis.core.RedisHash (preferred), or consider extending one of the following types with your repository: org.springframework.data.keyvalue.repository.KeyValueRepository
2025-10-21 22:08:17 [restartedMain] INFO  o.s.d.r.c.RepositoryConfigurationExtensionSupport - Spring Data Redis - Could not safely identify store assignment for repository candidate interface com.ihdrs.backend.repository.RecognitionRecordRepository; If you want this repository to be a Redis repository, consider annotating your entities with one of these annotations: org.springframework.data.redis.core.RedisHash (preferred), or consider extending one of the following types with your repository: org.springframework.data.keyvalue.repository.KeyValueRepository
2025-10-21 22:08:17 [restartedMain] INFO  o.s.d.r.c.RepositoryConfigurationExtensionSupport - Spring Data Redis - Could not safely identify store assignment for repository candidate interface com.ihdrs.backend.repository.SystemConfigRepository; If you want this repository to be a Redis repository, consider annotating your entities with one of these annotations: org.springframework.data.redis.core.RedisHash (preferred), or consider extending one of the following types with your repository: org.springframework.data.keyvalue.repository.KeyValueRepository
2025-10-21 22:08:17 [restartedMain] INFO  o.s.d.r.c.RepositoryConfigurationExtensionSupport - Spring Data Redis - Could not safely identify store assignment for repository candidate interface com.ihdrs.backend.repository.TrainingTaskRepository; If you want this repository to be a Redis repository, consider annotating your entities with one of these annotations: org.springframework.data.redis.core.RedisHash (preferred), or consider extending one of the following types with your repository: org.springframework.data.keyvalue.repository.KeyValueRepository
2025-10-21 22:08:17 [restartedMain] INFO  o.s.d.r.c.RepositoryConfigurationExtensionSupport - Spring Data Redis - Could not safely identify store assignment for repository candidate interface com.ihdrs.backend.repository.UserRepository; If you want this repository to be a Redis repository, consider annotating your entities with one of these annotations: org.springframework.data.redis.core.RedisHash (preferred), or consider extending one of the following types with your repository: org.springframework.data.keyvalue.repository.KeyValueRepository
2025-10-21 22:08:17 [restartedMain] INFO  o.s.d.r.c.RepositoryConfigurationDelegate - Finished Spring Data repository scanning in 6 ms. Found 0 Redis repository interfaces.
2025-10-21 22:08:18 [restartedMain] INFO  o.s.b.w.e.tomcat.TomcatWebServer - Tomcat initialized with port 8080 (http)
2025-10-21 22:08:18 [restartedMain] INFO  o.a.catalina.core.StandardService - Starting service [Tomcat]
2025-10-21 22:08:18 [restartedMain] INFO  o.a.catalina.core.StandardEngine - Starting Servlet engine: [Apache Tomcat/10.1.46]
2025-10-21 22:08:18 [restartedMain] INFO  o.a.c.c.C.[.[localhost].[/api] - Initializing Spring embedded WebApplicationContext
2025-10-21 22:08:18 [restartedMain] INFO  o.s.b.w.s.c.ServletWebServerApplicationContext - Root WebApplicationContext: initialization completed in 2920 ms
2025-10-21 22:08:18 [restartedMain] DEBUG c.i.b.s.JwtAuthenticationFilter - Filter 'jwtAuthenticationFilter' configured for use
2025-10-21 22:08:18 [restartedMain] INFO  com.zaxxer.hikari.HikariDataSource - HikariPool-1 - Starting...
2025-10-21 22:08:18 [restartedMain] INFO  com.zaxxer.hikari.pool.HikariPool - HikariPool-1 - Added connection com.mysql.cj.jdbc.ConnectionImpl@6d2b15d4
2025-10-21 22:08:18 [restartedMain] INFO  com.zaxxer.hikari.HikariDataSource - HikariPool-1 - Start completed.
2025-10-21 22:08:18 [restartedMain] INFO  o.h.jpa.internal.util.LogHelper - HHH000204: Processing PersistenceUnitInfo [name: default]
2025-10-21 22:08:18 [restartedMain] INFO  org.hibernate.Version - HHH000412: Hibernate ORM core version 6.6.29.Final
2025-10-21 22:08:19 [restartedMain] INFO  o.h.c.i.RegionFactoryInitiator - HHH000026: Second-level cache disabled
2025-10-21 22:08:19 [restartedMain] INFO  o.s.o.j.p.SpringPersistenceUnitInfo - No LoadTimeWeaver setup: ignoring JPA class transformer
2025-10-21 22:08:19 [restartedMain] INFO  o.hibernate.orm.connections.pooling - HHH10001005: Database info:
	Database JDBC URL [Connecting through datasource 'HikariDataSource (HikariPool-1)']
	Database driver: undefined/unknown
	Database version: 8.0.42
	Autocommit mode: undefined/unknown
	Isolation level: undefined/unknown
	Minimum pool size: undefined/unknown
	Maximum pool size: undefined/unknown
2025-10-21 22:08:20 [restartedMain] INFO  o.h.e.t.j.p.i.JtaPlatformInitiator - HHH000489: No JTA platform available (set 'hibernate.transaction.jta.platform' to enable JTA platform integration)
2025-10-21 22:08:20 [restartedMain] DEBUG org.hibernate.SQL - 
    alter table recognition_records 
       modify column image_data tinyblob
2025-10-21 22:08:20 [restartedMain] DEBUG org.hibernate.SQL - 
    alter table recognition_records 
       modify column is_correct bit
2025-10-21 22:08:20 [restartedMain] DEBUG org.hibernate.SQL - 
    alter table system_configs 
       modify column is_public bit
2025-10-21 22:08:20 [restartedMain] DEBUG org.hibernate.SQL - 
    alter table users 
       modify column status bit
2025-10-21 22:08:20 [restartedMain] INFO  o.s.o.j.LocalContainerEntityManagerFactoryBean - Initialized JPA EntityManagerFactory for persistence unit 'default'
2025-10-21 22:08:20 [restartedMain] INFO  o.s.d.j.r.query.QueryEnhancerFactory - Hibernate is in classpath; If applicable, HQL parser will be used.
2025-10-21 22:08:22 [restartedMain] INFO  o.s.b.a.e.web.EndpointLinksResolver - Exposing 3 endpoints beneath base path '/actuator'
2025-10-21 22:08:22 [restartedMain] WARN  o.s.b.a.s.s.UserDetailsServiceAutoConfiguration - 

Using generated security password: 8946caea-98e4-4e3a-9046-307492e82ddb

This generated password is for development use only. Your security configuration must be updated before running your application in production.

2025-10-21 22:08:22 [restartedMain] INFO  o.s.s.c.a.a.c.InitializeUserDetailsBeanManagerConfigurer$InitializeUserDetailsManagerConfigurer - Global AuthenticationManager configured with UserDetailsService bean with name inMemoryUserDetailsManager
2025-10-21 22:08:22 [restartedMain] INFO  o.s.b.d.a.OptionalLiveReloadServer - LiveReload server is running on port 35729
2025-10-21 22:08:22 [restartedMain] INFO  o.s.b.w.e.tomcat.TomcatWebServer - Tomcat started on port 8080 (http) with context path '/api'
2025-10-21 22:08:22 [restartedMain] INFO  c.i.backend.IhdrsBackendApplication - Started IhdrsBackendApplication in 8.456 seconds (process running for 9.396)
2025-10-21 22:08:22 [RMI TCP Connection(4)-192.168.56.1] INFO  o.a.c.c.C.[.[localhost].[/api] - Initializing Spring DispatcherServlet 'dispatcherServlet'
2025-10-21 22:08:22 [RMI TCP Connection(4)-192.168.56.1] INFO  o.s.web.servlet.DispatcherServlet - Initializing Servlet 'dispatcherServlet'
2025-10-21 22:08:22 [RMI TCP Connection(4)-192.168.56.1] INFO  o.s.web.servlet.DispatcherServlet - Completed initialization in 1 ms
2025-10-21 22:09:36 [http-nio-8080-exec-2] DEBUG org.hibernate.SQL - 
    select
        u1_0.user_id,
        u1_0.create_time,
        u1_0.email,
        u1_0.last_login_time,
        u1_0.login_count,
        u1_0.password_hash,
        u1_0.phone,
        u1_0.role,
        u1_0.salt,
        u1_0.status,
        u1_0.update_time,
        u1_0.username 
    from
        users u1_0 
    where
        u1_0.user_id=?
2025-10-21 22:09:59 [http-nio-8080-exec-4] DEBUG org.hibernate.SQL - 
    select
        u1_0.user_id 
    from
        users u1_0 
    where
        u1_0.username=? 
    limit
        ?
2025-10-21 22:09:59 [http-nio-8080-exec-4] DEBUG org.hibernate.SQL - 
    insert 
    into
        users
        (create_time, email, last_login_time, login_count, password_hash, phone, role, salt, status, update_time, username) 
    values
        (?, ?, ?, ?, ?, ?, ?, ?, ?, ?, ?)
2025-10-21 22:09:59 [http-nio-8080-exec-4] INFO  c.ihdrs.backend.service.AuthService - 用户注册成功: weiwo
2025-10-21 22:09:59 [http-nio-8080-exec-6] DEBUG org.hibernate.SQL - 
    select
        u1_0.user_id,
        u1_0.create_time,
        u1_0.email,
        u1_0.last_login_time,
        u1_0.login_count,
        u1_0.password_hash,
        u1_0.phone,
        u1_0.role,
        u1_0.salt,
        u1_0.status,
        u1_0.update_time,
        u1_0.username 
    from
        users u1_0 
    where
        u1_0.username=?
2025-10-21 22:10:00 [http-nio-8080-exec-6] INFO  c.ihdrs.backend.service.AuthService - 用户登录成功: weiwo
2025-10-21 22:10:00 [http-nio-8080-exec-6] DEBUG org.hibernate.SQL - 
    update
        users 
    set
        email=?,
        last_login_time=?,
        login_count=?,
        password_hash=?,
        phone=?,
        role=?,
        salt=?,
        status=?,
        update_time=?,
        username=? 
    where
        user_id=?
2025-10-21 22:10:00 [http-nio-8080-exec-7] DEBUG org.hibernate.SQL - 
    select
        u1_0.user_id,
        u1_0.create_time,
        u1_0.email,
        u1_0.last_login_time,
        u1_0.login_count,
        u1_0.password_hash,
        u1_0.phone,
        u1_0.role,
        u1_0.salt,
        u1_0.status,
        u1_0.update_time,
        u1_0.username 
    from
        users u1_0 
    where
        u1_0.user_id=?
2025-10-21 22:32:00 [http-nio-8080-exec-8] DEBUG org.hibernate.SQL - 
    select
        u1_0.user_id,
        u1_0.create_time,
        u1_0.email,
        u1_0.last_login_time,
        u1_0.login_count,
        u1_0.password_hash,
        u1_0.phone,
        u1_0.role,
        u1_0.salt,
        u1_0.status,
        u1_0.update_time,
        u1_0.username 
    from
        users u1_0 
    where
        u1_0.user_id=?
2025-10-21 22:32:10 [http-nio-8080-exec-9] DEBUG org.hibernate.SQL - 
    select
        u1_0.user_id,
        u1_0.create_time,
        u1_0.email,
        u1_0.last_login_time,
        u1_0.login_count,
        u1_0.password_hash,
        u1_0.phone,
        u1_0.role,
        u1_0.salt,
        u1_0.status,
        u1_0.update_time,
        u1_0.username 
    from
        users u1_0 
    where
        u1_0.username=?
2025-10-21 22:32:10 [http-nio-8080-exec-9] INFO  c.ihdrs.backend.service.AuthService - 用户登录成功: weiwo
2025-10-21 22:32:10 [http-nio-8080-exec-9] DEBUG org.hibernate.SQL - 
    update
        users 
    set
        email=?,
        last_login_time=?,
        login_count=?,
        password_hash=?,
        phone=?,
        role=?,
        salt=?,
        status=?,
        update_time=?,
        username=? 
    where
        user_id=?
2025-10-21 22:32:11 [http-nio-8080-exec-10] DEBUG org.hibernate.SQL - 
    select
        u1_0.user_id,
        u1_0.create_time,
        u1_0.email,
        u1_0.last_login_time,
        u1_0.login_count,
        u1_0.password_hash,
        u1_0.phone,
        u1_0.role,
        u1_0.salt,
        u1_0.status,
        u1_0.update_time,
        u1_0.username 
    from
        users u1_0 
    where
        u1_0.user_id=?
2025-10-21 22:32:25 [http-nio-8080-exec-2] DEBUG org.hibernate.SQL - 
    select
        u1_0.user_id,
        u1_0.create_time,
        u1_0.email,
        u1_0.last_login_time,
        u1_0.login_count,
        u1_0.password_hash,
        u1_0.phone,
        u1_0.role,
        u1_0.salt,
        u1_0.status,
        u1_0.update_time,
        u1_0.username 
    from
        users u1_0 
    where
        u1_0.username=?
2025-10-21 22:32:25 [http-nio-8080-exec-2] INFO  c.ihdrs.backend.service.AuthService - 用户登录成功: weiwo
2025-10-21 22:32:25 [http-nio-8080-exec-2] DEBUG org.hibernate.SQL - 
    update
        users 
    set
        email=?,
        last_login_time=?,
        login_count=?,
        password_hash=?,
        phone=?,
        role=?,
        salt=?,
        status=?,
        update_time=?,
        username=? 
    where
        user_id=?
2025-10-21 22:32:26 [http-nio-8080-exec-1] DEBUG org.hibernate.SQL - 
    select
        u1_0.user_id,
        u1_0.create_time,
        u1_0.email,
        u1_0.last_login_time,
        u1_0.login_count,
        u1_0.password_hash,
        u1_0.phone,
        u1_0.role,
        u1_0.salt,
        u1_0.status,
        u1_0.update_time,
        u1_0.username 
    from
        users u1_0 
    where
        u1_0.user_id=?
2025-10-21 22:33:19 [http-nio-8080-exec-4] DEBUG org.hibernate.SQL - 
    select
        u1_0.user_id,
        u1_0.create_time,
        u1_0.email,
        u1_0.last_login_time,
        u1_0.login_count,
        u1_0.password_hash,
        u1_0.phone,
        u1_0.role,
        u1_0.salt,
        u1_0.status,
        u1_0.update_time,
        u1_0.username 
    from
        users u1_0 
    where
        u1_0.user_id=?
2025-10-21 22:33:30 [http-nio-8080-exec-5] DEBUG org.hibernate.SQL - 
    select
        u1_0.user_id,
        u1_0.create_time,
        u1_0.email,
        u1_0.last_login_time,
        u1_0.login_count,
        u1_0.password_hash,
        u1_0.phone,
        u1_0.role,
        u1_0.salt,
        u1_0.status,
        u1_0.update_time,
        u1_0.username 
    from
        users u1_0 
    where
        u1_0.username=?
2025-10-21 22:33:30 [http-nio-8080-exec-5] INFO  c.ihdrs.backend.service.AuthService - 用户登录成功: weiwo
2025-10-21 22:33:30 [http-nio-8080-exec-5] DEBUG org.hibernate.SQL - 
    update
        users 
    set
        email=?,
        last_login_time=?,
        login_count=?,
        password_hash=?,
        phone=?,
        role=?,
        salt=?,
        status=?,
        update_time=?,
        username=? 
    where
        user_id=?
2025-10-21 22:33:30 [http-nio-8080-exec-6] DEBUG org.hibernate.SQL - 
    select
        u1_0.user_id,
        u1_0.create_time,
        u1_0.email,
        u1_0.last_login_time,
        u1_0.login_count,
        u1_0.password_hash,
        u1_0.phone,
        u1_0.role,
        u1_0.salt,
        u1_0.status,
        u1_0.update_time,
        u1_0.username 
    from
        users u1_0 
    where
        u1_0.user_id=?
2025-10-21 23:09:23 [http-nio-8080-exec-3] DEBUG org.hibernate.SQL - 
    select
        u1_0.user_id,
        u1_0.create_time,
        u1_0.email,
        u1_0.last_login_time,
        u1_0.login_count,
        u1_0.password_hash,
        u1_0.phone,
        u1_0.role,
        u1_0.salt,
        u1_0.status,
        u1_0.update_time,
        u1_0.username 
    from
        users u1_0 
    where
        u1_0.user_id=?
2025-10-21 23:10:13 [http-nio-8080-exec-9] DEBUG org.hibernate.SQL - 
    select
        u1_0.user_id,
        u1_0.create_time,
        u1_0.email,
        u1_0.last_login_time,
        u1_0.login_count,
        u1_0.password_hash,
        u1_0.phone,
        u1_0.role,
        u1_0.salt,
        u1_0.status,
        u1_0.update_time,
        u1_0.username 
    from
        users u1_0 
    where
        u1_0.user_id=?
2025-10-21 23:10:22 [http-nio-8080-exec-10] DEBUG org.hibernate.SQL - 
    select
        u1_0.user_id,
        u1_0.create_time,
        u1_0.email,
        u1_0.last_login_time,
        u1_0.login_count,
        u1_0.password_hash,
        u1_0.phone,
        u1_0.role,
        u1_0.salt,
        u1_0.status,
        u1_0.update_time,
        u1_0.username 
    from
        users u1_0 
    where
        u1_0.user_id=?
2025-10-21 23:10:31 [http-nio-8080-exec-1] DEBUG org.hibernate.SQL - 
    select
        u1_0.user_id,
        u1_0.create_time,
        u1_0.email,
        u1_0.last_login_time,
        u1_0.login_count,
        u1_0.password_hash,
        u1_0.phone,
        u1_0.role,
        u1_0.salt,
        u1_0.status,
        u1_0.update_time,
        u1_0.username 
    from
        users u1_0 
    where
        u1_0.username=?
2025-10-21 23:10:31 [http-nio-8080-exec-1] INFO  c.ihdrs.backend.service.AuthService - 用户登录成功: weiwo
2025-10-21 23:10:31 [http-nio-8080-exec-1] DEBUG org.hibernate.SQL - 
    update
        users 
    set
        email=?,
        last_login_time=?,
        login_count=?,
        password_hash=?,
        phone=?,
        role=?,
        salt=?,
        status=?,
        update_time=?,
        username=? 
    where
        user_id=?
2025-10-21 23:10:31 [http-nio-8080-exec-4] DEBUG org.hibernate.SQL - 
    select
        u1_0.user_id,
        u1_0.create_time,
        u1_0.email,
        u1_0.last_login_time,
        u1_0.login_count,
        u1_0.password_hash,
        u1_0.phone,
        u1_0.role,
        u1_0.salt,
        u1_0.status,
        u1_0.update_time,
        u1_0.username 
    from
        users u1_0 
    where
        u1_0.user_id=?
2025-10-21 23:11:55 [http-nio-8080-exec-6] DEBUG org.hibernate.SQL - 
    select
        u1_0.user_id,
        u1_0.create_time,
        u1_0.email,
        u1_0.last_login_time,
        u1_0.login_count,
        u1_0.password_hash,
        u1_0.phone,
        u1_0.role,
        u1_0.salt,
        u1_0.status,
        u1_0.update_time,
        u1_0.username 
    from
        users u1_0 
    where
        u1_0.user_id=?
2025-10-21 23:12:29 [http-nio-8080-exec-7] DEBUG org.hibernate.SQL - 
    select
        u1_0.user_id,
        u1_0.create_time,
        u1_0.email,
        u1_0.last_login_time,
        u1_0.login_count,
        u1_0.password_hash,
        u1_0.phone,
        u1_0.role,
        u1_0.salt,
        u1_0.status,
        u1_0.update_time,
        u1_0.username 
    from
        users u1_0 
    where
        u1_0.user_id=?
2025-10-21 23:17:57 [http-nio-8080-exec-8] DEBUG org.hibernate.SQL - 
    select
        u1_0.user_id,
        u1_0.create_time,
        u1_0.email,
        u1_0.last_login_time,
        u1_0.login_count,
        u1_0.password_hash,
        u1_0.phone,
        u1_0.role,
        u1_0.salt,
        u1_0.status,
        u1_0.update_time,
        u1_0.username 
    from
        users u1_0 
    where
        u1_0.user_id=?
2025-10-21 23:20:24 [http-nio-8080-exec-10] DEBUG org.hibernate.SQL - 
    select
        u1_0.user_id,
        u1_0.create_time,
        u1_0.email,
        u1_0.last_login_time,
        u1_0.login_count,
        u1_0.password_hash,
        u1_0.phone,
        u1_0.role,
        u1_0.salt,
        u1_0.status,
        u1_0.update_time,
        u1_0.username 
    from
        users u1_0 
    where
        u1_0.user_id=?
2025-10-21 23:20:29 [http-nio-8080-exec-2] DEBUG org.hibernate.SQL - 
    select
        u1_0.user_id,
        u1_0.create_time,
        u1_0.email,
        u1_0.last_login_time,
        u1_0.login_count,
        u1_0.password_hash,
        u1_0.phone,
        u1_0.role,
        u1_0.salt,
        u1_0.status,
        u1_0.update_time,
        u1_0.username 
    from
        users u1_0 
    where
        u1_0.user_id=?
2025-10-21 23:20:31 [http-nio-8080-exec-1] DEBUG org.hibernate.SQL - 
    select
        u1_0.user_id,
        u1_0.create_time,
        u1_0.email,
        u1_0.last_login_time,
        u1_0.login_count,
        u1_0.password_hash,
        u1_0.phone,
        u1_0.role,
        u1_0.salt,
        u1_0.status,
        u1_0.update_time,
        u1_0.username 
    from
        users u1_0 
    where
        u1_0.user_id=?
2025-10-21 23:20:32 [http-nio-8080-exec-4] DEBUG org.hibernate.SQL - 
    select
        u1_0.user_id,
        u1_0.create_time,
        u1_0.email,
        u1_0.last_login_time,
        u1_0.login_count,
        u1_0.password_hash,
        u1_0.phone,
        u1_0.role,
        u1_0.salt,
        u1_0.status,
        u1_0.update_time,
        u1_0.username 
    from
        users u1_0 
    where
        u1_0.user_id=?
2025-10-21 23:25:00 [http-nio-8080-exec-6] DEBUG org.hibernate.SQL - 
    select
        u1_0.user_id,
        u1_0.create_time,
        u1_0.email,
        u1_0.last_login_time,
        u1_0.login_count,
        u1_0.password_hash,
        u1_0.phone,
        u1_0.role,
        u1_0.salt,
        u1_0.status,
        u1_0.update_time,
        u1_0.username 
    from
        users u1_0 
    where
        u1_0.user_id=?
2025-10-21 23:25:02 [http-nio-8080-exec-7] DEBUG org.hibernate.SQL - 
    select
        u1_0.user_id,
        u1_0.create_time,
        u1_0.email,
        u1_0.last_login_time,
        u1_0.login_count,
        u1_0.password_hash,
        u1_0.phone,
        u1_0.role,
        u1_0.salt,
        u1_0.status,
        u1_0.update_time,
        u1_0.username 
    from
        users u1_0 
    where
        u1_0.user_id=?
2025-10-21 23:25:05 [http-nio-8080-exec-3] DEBUG org.hibernate.SQL - 
    select
        u1_0.user_id,
        u1_0.create_time,
        u1_0.email,
        u1_0.last_login_time,
        u1_0.login_count,
        u1_0.password_hash,
        u1_0.phone,
        u1_0.role,
        u1_0.salt,
        u1_0.status,
        u1_0.update_time,
        u1_0.username 
    from
        users u1_0 
    where
        u1_0.user_id=?
2025-10-21 23:29:36 [http-nio-8080-exec-9] DEBUG org.hibernate.SQL - 
    select
        u1_0.user_id,
        u1_0.create_time,
        u1_0.email,
        u1_0.last_login_time,
        u1_0.login_count,
        u1_0.password_hash,
        u1_0.phone,
        u1_0.role,
        u1_0.salt,
        u1_0.status,
        u1_0.update_time,
        u1_0.username 
    from
        users u1_0 
    where
        u1_0.username=?
2025-10-21 23:29:37 [http-nio-8080-exec-9] INFO  c.ihdrs.backend.service.AuthService - 用户登录成功: weiwo
2025-10-21 23:29:37 [http-nio-8080-exec-9] DEBUG org.hibernate.SQL - 
    update
        users 
    set
        email=?,
        last_login_time=?,
        login_count=?,
        password_hash=?,
        phone=?,
        role=?,
        salt=?,
        status=?,
        update_time=?,
        username=? 
    where
        user_id=?
2025-10-21 23:29:37 [http-nio-8080-exec-10] DEBUG org.hibernate.SQL - 
    select
        u1_0.user_id,
        u1_0.create_time,
        u1_0.email,
        u1_0.last_login_time,
        u1_0.login_count,
        u1_0.password_hash,
        u1_0.phone,
        u1_0.role,
        u1_0.salt,
        u1_0.status,
        u1_0.update_time,
        u1_0.username 
    from
        users u1_0 
    where
        u1_0.user_id=?
2025-10-21 23:29:55 [http-nio-8080-exec-2] DEBUG org.hibernate.SQL - 
    select
        u1_0.user_id,
        u1_0.create_time,
        u1_0.email,
        u1_0.last_login_time,
        u1_0.login_count,
        u1_0.password_hash,
        u1_0.phone,
        u1_0.role,
        u1_0.salt,
        u1_0.status,
        u1_0.update_time,
        u1_0.username 
    from
        users u1_0 
    where
        u1_0.user_id=?
2025-10-21 23:31:12 [http-nio-8080-exec-4] DEBUG org.hibernate.SQL - 
    select
        u1_0.user_id,
        u1_0.create_time,
        u1_0.email,
        u1_0.last_login_time,
        u1_0.login_count,
        u1_0.password_hash,
        u1_0.phone,
        u1_0.role,
        u1_0.salt,
        u1_0.status,
        u1_0.update_time,
        u1_0.username 
    from
        users u1_0 
    where
        u1_0.user_id=?
2025-10-21 23:39:53 [SpringApplicationShutdownHook] INFO  o.s.b.w.e.tomcat.GracefulShutdown - Commencing graceful shutdown. Waiting for active requests to complete
2025-10-21 23:39:53 [tomcat-shutdown] INFO  o.s.b.w.e.tomcat.GracefulShutdown - Graceful shutdown complete
2025-10-21 23:39:53 [SpringApplicationShutdownHook] INFO  o.s.o.j.LocalContainerEntityManagerFactoryBean - Closing JPA EntityManagerFactory for persistence unit 'default'
2025-10-21 23:39:53 [SpringApplicationShutdownHook] INFO  com.zaxxer.hikari.HikariDataSource - HikariPool-1 - Shutdown initiated...
2025-10-21 23:39:53 [SpringApplicationShutdownHook] INFO  com.zaxxer.hikari.HikariDataSource - HikariPool-1 - Shutdown completed.
